<?xml version="1.0" encoding="UTF-8"?>
<!-- Generated by org.testng.reporters.JUnitReportReporter -->
<testsuite hostname="DESKTOP-K95COS7" failures="0" tests="1" name="RetailProject.PasswordValidation" time="73.980" errors="0" timestamp="2020-06-29T09:54:42 IST" skipped="0">
  <testcase classname="RetailProject.PasswordValidation" name="validLoginTest" time="73.980"/>
  <system-out/>
</testsuite> <!-- RetailProject.PasswordValidation -->
