<?xml version="1.0" encoding="UTF-8"?>
<!-- Generated by org.testng.reporters.JUnitReportReporter -->
<testsuite hostname="DESKTOP-K95COS7" failures="0" tests="1" name="RetailProject.AddProductDetails" time="44.400" errors="0" timestamp="2020-06-30T09:35:33 IST" skipped="0">
  <testcase classname="RetailProject.AddProductDetails" name="AddProductInCart" time="44.400"/>
  <system-out/>
</testsuite> <!-- RetailProject.AddProductDetails -->
