<?xml version="1.0" encoding="UTF-8"?>
<!-- Generated by org.testng.reporters.JUnitReportReporter -->
<testsuite hostname="DESKTOP-K95COS7" failures="0" tests="1" name="RetailProject.AdminPasswordValidation" time="16.168" errors="0" timestamp="2020-07-05T21:21:35 IST" skipped="0">
  <testcase classname="RetailProject.AdminPasswordValidation" name="validAdminLoginTest" time="16.168"/>
  <system-out/>
</testsuite> <!-- RetailProject.AdminPasswordValidation -->
