<?xml version="1.0" encoding="UTF-8"?>
<!-- Generated by org.testng.reporters.JUnitReportReporter -->
<testsuite hostname="DESKTOP-K95COS7" failures="0" tests="1" name="RetailProject.AddCategory" time="25.580" errors="0" timestamp="2020-07-05T22:08:28 IST" skipped="0">
  <testcase classname="RetailProject.AddCategory" name="addCategoryTest" time="25.580"/>
  <system-out/>
</testsuite> <!-- RetailProject.AddCategory -->
