<?xml version="1.0" encoding="UTF-8"?>
<!-- Generated by org.testng.reporters.JUnitReportReporter -->
<testsuite hostname="DESKTOP-K95COS7" failures="0" tests="1" name="RetailProject.SearchProductsDisplay" time="58.385" errors="0" timestamp="2020-07-05T14:04:32 IST" skipped="0">
  <testcase classname="RetailProject.SearchProductsDisplay" name="SortingTest" time="58.385"/>
  <system-out/>
</testsuite> <!-- RetailProject.SearchProductsDisplay -->
