<?xml version="1.0" encoding="UTF-8"?>
<!-- Generated by org.testng.reporters.JUnitReportReporter -->
<testsuite hostname="DESKTOP-K95COS7" failures="0" tests="4" name="RetailProject.FilterProduct" time="82.386" errors="0" timestamp="2020-07-14T17:35:06 IST" skipped="0">
  <testcase classname="RetailProject.FilterProduct" name="multipleProductFilter" time="19.012"/>
  <system-out/>
  <testcase classname="RetailProject.FilterProduct" name="multipleProductFilter" time="19.746"/>
  <system-out/>
  <testcase classname="RetailProject.FilterProduct" name="multipleProductFilter" time="19.667"/>
  <system-out/>
  <testcase classname="RetailProject.FilterProduct" name="multipleProductFilter" time="23.961"/>
  <system-out/>
</testsuite> <!-- RetailProject.FilterProduct -->
