<?xml version="1.0" encoding="UTF-8"?>
<!-- Generated by org.testng.reporters.JUnitReportReporter -->
<testsuite hostname="DESKTOP-K95COS7" failures="0" tests="4" name="RetailProject.InvalidDetailsAddProduct" time="83.582" errors="0" timestamp="2020-07-14T17:35:06 IST" skipped="0">
  <testcase classname="RetailProject.InvalidDetailsAddProduct" name="invalidProductAdd" time="19.963"/>
  <system-out/>
  <testcase classname="RetailProject.InvalidDetailsAddProduct" name="invalidProductAdd" time="21.955"/>
  <system-out/>
  <testcase classname="RetailProject.InvalidDetailsAddProduct" name="invalidProductAdd" time="19.426"/>
  <system-out/>
  <testcase classname="RetailProject.InvalidDetailsAddProduct" name="invalidProductAdd" time="22.238"/>
  <system-out/>
</testsuite> <!-- RetailProject.InvalidDetailsAddProduct -->
