<?xml version="1.0" encoding="UTF-8"?>
<!-- Generated by org.testng.reporters.JUnitReportReporter -->
<testsuite hostname="DESKTOP-K95COS7" failures="0" tests="1" name="RetailProject.PasswordValidation" time="47.007" errors="0" timestamp="2020-06-30T00:27:29 IST" skipped="0">
  <testcase classname="RetailProject.PasswordValidation" name="validLoginTest" time="47.007"/>
  <system-out/>
</testsuite> <!-- RetailProject.PasswordValidation -->
