<?xml version="1.0" encoding="UTF-8"?>
<!-- Generated by org.testng.reporters.JUnitReportReporter -->
<testsuite hostname="DESKTOP-K95COS7" failures="0" tests="1" name="RetailProject.EditCategory" time="24.009" errors="0" timestamp="2020-07-05T21:21:35 IST" skipped="0">
  <testcase classname="RetailProject.EditCategory" name="editCategoryTest" time="24.009"/>
  <system-out/>
</testsuite> <!-- RetailProject.EditCategory -->
