<?xml version="1.0" encoding="UTF-8"?>
<!-- Generated by org.testng.reporters.JUnitReportReporter -->
<testsuite hostname="DESKTOP-K95COS7" failures="0" tests="4" name="RetailProject.AddMultipleProduct" time="90.614" errors="0" timestamp="2020-07-14T17:35:06 IST" skipped="0">
  <testcase classname="RetailProject.AddMultipleProduct" name="multipleProductAdd" time="21.085"/>
  <system-out/>
  <testcase classname="RetailProject.AddMultipleProduct" name="multipleProductAdd" time="21.602"/>
  <system-out/>
  <testcase classname="RetailProject.AddMultipleProduct" name="multipleProductAdd" time="23.349"/>
  <system-out/>
  <testcase classname="RetailProject.AddMultipleProduct" name="multipleProductAdd" time="24.578"/>
  <system-out/>
</testsuite> <!-- RetailProject.AddMultipleProduct -->
